This is pdfTeX, Version 3.14159265-2.6-1.40.20 (TeX Live 2019) (preloaded format=pdflatex 2019.12.30)  5 AUG 2020 00:48
entering extended mode
 restricted \write18 enabled.
 %&-line parsing enabled.
**main.tex
(./main.tex
LaTeX2e <2018-12-01>
(/usr/local/texlive/2019/texmf-dist/tex/latex/koma-script/scrartcl.cls
Document Class: scrartcl 2019/02/01 v3.26b KOMA-Script document class (article)

(/usr/local/texlive/2019/texmf-dist/tex/latex/koma-script/scrkbase.sty
Package: scrkbase 2019/02/01 v3.26b KOMA-Script package (KOMA-Script-dependent 
basics and keyval usage)

(/usr/local/texlive/2019/texmf-dist/tex/latex/koma-script/scrbase.sty
Package: scrbase 2019/02/01 v3.26b KOMA-Script package (KOMA-Script-independent
 basics and keyval usage)

(/usr/local/texlive/2019/texmf-dist/tex/latex/graphics/keyval.sty
Package: keyval 2014/10/28 v1.15 key=value parser (DPC)
\KV@toks@=\toks14
)
(/usr/local/texlive/2019/texmf-dist/tex/latex/koma-script/scrlfile.sty
Package: scrlfile 2019/02/01 v3.26b KOMA-Script package (loading files)
)))
(/usr/local/texlive/2019/texmf-dist/tex/latex/koma-script/tocbasic.sty
Package: tocbasic 2019/02/01 v3.26b KOMA-Script package (handling toc-files)
\scr@dte@tocline@numberwidth=\skip41
\scr@dte@tocline@numbox=\box27
)
Package tocbasic Info: omitting babel extension for `toc'
(tocbasic)             because of feature `nobabel' available
(tocbasic)             for `toc' on input line 134.
Package scrartcl Info: You've used standard option `11pt'.
(scrartcl)             This is correct!
(scrartcl)             Internally I'm using `fontsize=11pt'.
(scrartcl)             If you'd like to set the option with \KOMAoptions,
(scrartcl)             you'd have to use `fontsize=11pt' there
(scrartcl)             instead of `11pt', too.
Class scrartcl Info: File `scrsize11pt.clo' used to setup font sizes on input l
ine 2162.

(/usr/local/texlive/2019/texmf-dist/tex/latex/koma-script/scrsize11pt.clo
File: scrsize11pt.clo 2019/02/01 v3.26b KOMA-Script font size class option (11p
t)
)
(/usr/local/texlive/2019/texmf-dist/tex/latex/koma-script/typearea.sty
Package: typearea 2019/02/01 v3.26b KOMA-Script package (type area)
\ta@bcor=\skip42
\ta@div=\count80
\ta@hblk=\skip43
\ta@vblk=\skip44
\ta@temp=\skip45
\footheight=\skip46
Package typearea Info: These are the values describing the layout:
(typearea)             DIV  = 12
(typearea)             BCOR = 0.0pt
(typearea)             \paperwidth      = 597.50793pt
(typearea)              \textwidth      = 448.13095pt
(typearea)              DIV departure   = -14%
(typearea)              \evensidemargin = 2.4185pt
(typearea)              \oddsidemargin  = 2.4185pt
(typearea)             \paperheight     = 845.04694pt
(typearea)              \textheight     = 636.60028pt
(typearea)              \topmargin      = -39.24942pt
(typearea)              \headheight     = 17.0pt
(typearea)              \headsep        = 20.40001pt
(typearea)              \topskip        = 11.0pt
(typearea)              \footskip       = 47.6pt
(typearea)              \baselineskip   = 13.6pt
(typearea)              on input line 1715.
)
\c@part=\count81
\c@section=\count82
\c@subsection=\count83
\c@subsubsection=\count84
\c@paragraph=\count85
\c@subparagraph=\count86
\scr@dte@section@maxnumwidth=\skip47
Class scrartcl Info: using compatibility default `runin=bysign'
(scrartcl)           for `\section on input line 4489.
Class scrartcl Info: using compatibility default `afterindent=bysign'
(scrartcl)           for `\section on input line 4489.
\scr@dte@part@maxnumwidth=\skip48
Class scrartcl Info: using compatibility default `afterindent=false'
(scrartcl)           for `\part on input line 4497.
\scr@dte@subsection@maxnumwidth=\skip49
Class scrartcl Info: using compatibility default `runin=bysign'
(scrartcl)           for `\subsection on input line 4507.
Class scrartcl Info: using compatibility default `afterindent=bysign'
(scrartcl)           for `\subsection on input line 4507.
\scr@dte@subsubsection@maxnumwidth=\skip50
Class scrartcl Info: using compatibility default `runin=bysign'
(scrartcl)           for `\subsubsection on input line 4517.
Class scrartcl Info: using compatibility default `afterindent=bysign'
(scrartcl)           for `\subsubsection on input line 4517.
\scr@dte@paragraph@maxnumwidth=\skip51
Class scrartcl Info: using compatibility default `runin=bysign'
(scrartcl)           for `\paragraph on input line 4527.
Class scrartcl Info: using compatibility default `afterindent=bysign'
(scrartcl)           for `\paragraph on input line 4527.
\scr@dte@subparagraph@maxnumwidth=\skip52
Class scrartcl Info: using compatibility default `runin=bysign'
(scrartcl)           for `\subparagraph on input line 4537.
Class scrartcl Info: using compatibility default `afterindent=bysign'
(scrartcl)           for `\subparagraph on input line 4537.
\abovecaptionskip=\skip53
\belowcaptionskip=\skip54
\c@pti@nb@sid@b@x=\box28
Package tocbasic Info: omitting babel extension for `lof'
(tocbasic)             because of feature `nobabel' available
(tocbasic)             for `lof' on input line 5781.
\scr@dte@figure@maxnumwidth=\skip55
\c@figure=\count87
Package tocbasic Info: omitting babel extension for `lot'
(tocbasic)             because of feature `nobabel' available
(tocbasic)             for `lot' on input line 5793.
\scr@dte@table@maxnumwidth=\skip56
\c@table=\count88
Class scrartcl Info: Redefining `\numberline' on input line 5957.
\bibindent=\dimen102
)
(/usr/local/texlive/2019/texmf-dist/tex/generic/babel/babel.sty
Package: babel 2019/05/04 3.31 The Babel package

(/usr/local/texlive/2019/texmf-dist/tex/generic/babel/switch.def
File: switch.def 2019/05/04 3.31 Babel switching mechanism
)
(/usr/local/texlive/2019/texmf-dist/tex/generic/babel-english/english.ldf
Language: english 2017/06/06 v3.3r English support from the babel system

(/usr/local/texlive/2019/texmf-dist/tex/generic/babel/babel.def
File: babel.def 2019/05/04 3.31 Babel common definitions
\babel@savecnt=\count89
\U@D=\dimen103

(/usr/local/texlive/2019/texmf-dist/tex/generic/babel/txtbabel.def)
\bbl@dirlevel=\count90
)
\l@canadian = a dialect from \language\l@american 
\l@australian = a dialect from \language\l@british 
\l@newzealand = a dialect from \language\l@british 
))
(/usr/local/texlive/2019/texmf-dist/tex/latex/base/fontenc.sty
Package: fontenc 2018/08/11 v2.0j Standard LaTeX package

(/usr/local/texlive/2019/texmf-dist/tex/latex/base/t1enc.def
File: t1enc.def 2018/08/11 v2.0j Standard LaTeX file
LaTeX Font Info:    Redeclaring font encoding T1 on input line 48.
))
(/usr/local/texlive/2019/texmf-dist/tex/latex/base/inputenc.sty
Package: inputenc 2018/08/11 v1.3c Input encoding file
\inpenc@prehook=\toks15
\inpenc@posthook=\toks16
)
(/usr/local/texlive/2019/texmf-dist/tex/latex/graphics/graphicx.sty
Package: graphicx 2017/06/01 v1.1a Enhanced LaTeX Graphics (DPC,SPQR)

(/usr/local/texlive/2019/texmf-dist/tex/latex/graphics/graphics.sty
Package: graphics 2017/06/25 v1.2c Standard LaTeX Graphics (DPC,SPQR)

(/usr/local/texlive/2019/texmf-dist/tex/latex/graphics/trig.sty
Package: trig 2016/01/03 v1.10 sin cos tan (DPC)
)
(/usr/local/texlive/2019/texmf-dist/tex/latex/graphics-cfg/graphics.cfg
File: graphics.cfg 2016/06/04 v1.11 sample graphics configuration
)
Package graphics Info: Driver file: pdftex.def on input line 99.

(/usr/local/texlive/2019/texmf-dist/tex/latex/graphics-def/pdftex.def
File: pdftex.def 2018/01/08 v1.0l Graphics/color driver for pdftex
))
\Gin@req@height=\dimen104
\Gin@req@width=\dimen105
)
(/usr/local/texlive/2019/texmf-dist/tex/latex/natbib/natbib.sty
Package: natbib 2010/09/13 8.31b (PWD, AO)
\bibhang=\skip57
\bibsep=\skip58
LaTeX Info: Redefining \cite on input line 694.
\c@NAT@ctr=\count91
)
(/usr/local/texlive/2019/texmf-dist/tex/latex/caption/subcaption.sty
Package: subcaption 2018/05/01 v1.1-162 Sub-captions (AR)

(/usr/local/texlive/2019/texmf-dist/tex/latex/caption/caption.sty
Package: caption 2018/10/06 v3.3-154 Customizing captions (AR)

(/usr/local/texlive/2019/texmf-dist/tex/latex/caption/caption3.sty
Package: caption3 2018/09/12 v1.8c caption3 kernel (AR)
Package caption3 Info: TeX engine: e-TeX on input line 64.
\captionmargin=\dimen106
\captionmargin@=\dimen107
\captionwidth=\dimen108
\caption@tempdima=\dimen109
\caption@indent=\dimen110
\caption@parindent=\dimen111
\caption@hangindent=\dimen112
)
Package caption Info: KOMA-Script document class.
\c@caption@flags=\count92
\c@ContinuedFloat=\count93
)
\c@subfigure=\count94
\c@subtable=\count95
)
(/usr/local/texlive/2019/texmf-dist/tex/latex/booktabs/booktabs.sty
Package: booktabs 2016/04/27 v1.618033 publication quality tables
\heavyrulewidth=\dimen113
\lightrulewidth=\dimen114
\cmidrulewidth=\dimen115
\belowrulesep=\dimen116
\belowbottomsep=\dimen117
\aboverulesep=\dimen118
\abovetopsep=\dimen119
\cmidrulesep=\dimen120
\cmidrulekern=\dimen121
\defaultaddspace=\dimen122
\@cmidla=\count96
\@cmidlb=\count97
\@aboverulesep=\dimen123
\@belowrulesep=\dimen124
\@thisruleclass=\count98
\@lastruleclass=\count99
\@thisrulewidth=\dimen125
)
(/usr/local/texlive/2019/texmf-dist/tex/latex/url/url.sty
\Urlmuskip=\muskip10
Package: url 2013/09/16  ver 3.4  Verb mode for urls, etc.
)
(/usr/local/texlive/2019/texmf-dist/tex/latex/todonotes/todonotes.sty
Package: todonotes 2019/01/24 v1.1.2 Todonotes source and documentation.
Package: todonotes 2018/11/22

(/usr/local/texlive/2019/texmf-dist/tex/latex/base/ifthen.sty
Package: ifthen 2014/09/29 v1.1c Standard LaTeX ifthen package (DPC)
)
(/usr/local/texlive/2019/texmf-dist/tex/latex/xkeyval/xkeyval.sty
Package: xkeyval 2014/12/03 v2.7a package option processing (HA)

(/usr/local/texlive/2019/texmf-dist/tex/generic/xkeyval/xkeyval.tex
(/usr/local/texlive/2019/texmf-dist/tex/generic/xkeyval/xkvutils.tex
\XKV@toks=\toks17
\XKV@tempa@toks=\toks18
)
\XKV@depth=\count100
File: xkeyval.tex 2014/12/03 v2.7a key=value parser (HA)
))
(/usr/local/texlive/2019/texmf-dist/tex/latex/xcolor/xcolor.sty
Package: xcolor 2016/05/11 v2.12 LaTeX color extensions (UK)

(/usr/local/texlive/2019/texmf-dist/tex/latex/graphics-cfg/color.cfg
File: color.cfg 2016/01/02 v1.6 sample color configuration
)
Package xcolor Info: Driver file: pdftex.def on input line 225.
Package xcolor Info: Model `cmy' substituted by `cmy0' on input line 1348.
Package xcolor Info: Model `hsb' substituted by `rgb' on input line 1352.
Package xcolor Info: Model `RGB' extended on input line 1364.
Package xcolor Info: Model `HTML' substituted by `rgb' on input line 1366.
Package xcolor Info: Model `Hsb' substituted by `hsb' on input line 1367.
Package xcolor Info: Model `tHsb' substituted by `hsb' on input line 1368.
Package xcolor Info: Model `HSB' substituted by `hsb' on input line 1369.
Package xcolor Info: Model `Gray' substituted by `gray' on input line 1370.
Package xcolor Info: Model `wave' substituted by `hsb' on input line 1371.
)
(/usr/local/texlive/2019/texmf-dist/tex/latex/pgf/frontendlayer/tikz.sty
(/usr/local/texlive/2019/texmf-dist/tex/latex/pgf/basiclayer/pgf.sty
(/usr/local/texlive/2019/texmf-dist/tex/latex/pgf/utilities/pgfrcs.sty
(/usr/local/texlive/2019/texmf-dist/tex/generic/pgf/utilities/pgfutil-common.te
x
\pgfutil@everybye=\toks19
\pgfutil@tempdima=\dimen126
\pgfutil@tempdimb=\dimen127

(/usr/local/texlive/2019/texmf-dist/tex/generic/pgf/utilities/pgfutil-common-li
sts.tex))
(/usr/local/texlive/2019/texmf-dist/tex/generic/pgf/utilities/pgfutil-latex.def
\pgfutil@abb=\box29
(/usr/local/texlive/2019/texmf-dist/tex/latex/ms/everyshi.sty
Package: everyshi 2001/05/15 v3.00 EveryShipout Package (MS)
))
(/usr/local/texlive/2019/texmf-dist/tex/generic/pgf/utilities/pgfrcs.code.tex
(/usr/local/texlive/2019/texmf-dist/tex/generic/pgf/pgf.revision.tex)
Package: pgfrcs 2019/04/04 v3.1.2 (3.1.2)
))
Package: pgf 2019/04/04 v3.1.2 (3.1.2)

(/usr/local/texlive/2019/texmf-dist/tex/latex/pgf/basiclayer/pgfcore.sty
(/usr/local/texlive/2019/texmf-dist/tex/latex/pgf/systemlayer/pgfsys.sty
(/usr/local/texlive/2019/texmf-dist/tex/generic/pgf/systemlayer/pgfsys.code.tex
Package: pgfsys 2019/04/04 v3.1.2 (3.1.2)
(/usr/local/texlive/2019/texmf-dist/tex/generic/pgf/utilities/pgfkeys.code.tex
\pgfkeys@pathtoks=\toks20
\pgfkeys@temptoks=\toks21

(/usr/local/texlive/2019/texmf-dist/tex/generic/pgf/utilities/pgfkeysfiltered.c
ode.tex
\pgfkeys@tmptoks=\toks22
))
\pgf@x=\dimen128
\pgf@y=\dimen129
\pgf@xa=\dimen130
\pgf@ya=\dimen131
\pgf@xb=\dimen132
\pgf@yb=\dimen133
\pgf@xc=\dimen134
\pgf@yc=\dimen135
\w@pgf@writea=\write3
\r@pgf@reada=\read1
\c@pgf@counta=\count101
\c@pgf@countb=\count102
\c@pgf@countc=\count103
\c@pgf@countd=\count104
\t@pgf@toka=\toks23
\t@pgf@tokb=\toks24
\t@pgf@tokc=\toks25
\pgf@sys@id@count=\count105

(/usr/local/texlive/2019/texmf-dist/tex/generic/pgf/systemlayer/pgf.cfg
File: pgf.cfg 2019/04/04 v3.1.2 (3.1.2)
)
Driver file for pgf: pgfsys-pdftex.def

(/usr/local/texlive/2019/texmf-dist/tex/generic/pgf/systemlayer/pgfsys-pdftex.d
ef
File: pgfsys-pdftex.def 2019/04/04 v3.1.2 (3.1.2)

(/usr/local/texlive/2019/texmf-dist/tex/generic/pgf/systemlayer/pgfsys-common-p
df.def
File: pgfsys-common-pdf.def 2019/04/04 v3.1.2 (3.1.2)
)))
(/usr/local/texlive/2019/texmf-dist/tex/generic/pgf/systemlayer/pgfsyssoftpath.
code.tex
File: pgfsyssoftpath.code.tex 2019/04/04 v3.1.2 (3.1.2)
\pgfsyssoftpath@smallbuffer@items=\count106
\pgfsyssoftpath@bigbuffer@items=\count107
)
(/usr/local/texlive/2019/texmf-dist/tex/generic/pgf/systemlayer/pgfsysprotocol.
code.tex
File: pgfsysprotocol.code.tex 2019/04/04 v3.1.2 (3.1.2)
))
(/usr/local/texlive/2019/texmf-dist/tex/generic/pgf/basiclayer/pgfcore.code.tex
Package: pgfcore 2019/04/04 v3.1.2 (3.1.2)
(/usr/local/texlive/2019/texmf-dist/tex/generic/pgf/math/pgfmath.code.tex
(/usr/local/texlive/2019/texmf-dist/tex/generic/pgf/math/pgfmathcalc.code.tex
(/usr/local/texlive/2019/texmf-dist/tex/generic/pgf/math/pgfmathutil.code.tex)
(/usr/local/texlive/2019/texmf-dist/tex/generic/pgf/math/pgfmathparser.code.tex
\pgfmath@dimen=\dimen136
\pgfmath@count=\count108
\pgfmath@box=\box30
\pgfmath@toks=\toks26
\pgfmath@stack@operand=\toks27
\pgfmath@stack@operation=\toks28
)
(/usr/local/texlive/2019/texmf-dist/tex/generic/pgf/math/pgfmathfunctions.code.
tex
(/usr/local/texlive/2019/texmf-dist/tex/generic/pgf/math/pgfmathfunctions.basic
.code.tex)
(/usr/local/texlive/2019/texmf-dist/tex/generic/pgf/math/pgfmathfunctions.trigo
nometric.code.tex)
(/usr/local/texlive/2019/texmf-dist/tex/generic/pgf/math/pgfmathfunctions.rando
m.code.tex)
(/usr/local/texlive/2019/texmf-dist/tex/generic/pgf/math/pgfmathfunctions.compa
rison.code.tex)
(/usr/local/texlive/2019/texmf-dist/tex/generic/pgf/math/pgfmathfunctions.base.
code.tex)
(/usr/local/texlive/2019/texmf-dist/tex/generic/pgf/math/pgfmathfunctions.round
.code.tex)
(/usr/local/texlive/2019/texmf-dist/tex/generic/pgf/math/pgfmathfunctions.misc.
code.tex)
(/usr/local/texlive/2019/texmf-dist/tex/generic/pgf/math/pgfmathfunctions.integ
erarithmetics.code.tex)))
(/usr/local/texlive/2019/texmf-dist/tex/generic/pgf/math/pgfmathfloat.code.tex
\c@pgfmathroundto@lastzeros=\count109
))
(/usr/local/texlive/2019/texmf-dist/tex/generic/pgf/basiclayer/pgfcorepoints.co
de.tex
File: pgfcorepoints.code.tex 2019/04/04 v3.1.2 (3.1.2)
\pgf@picminx=\dimen137
\pgf@picmaxx=\dimen138
\pgf@picminy=\dimen139
\pgf@picmaxy=\dimen140
\pgf@pathminx=\dimen141
\pgf@pathmaxx=\dimen142
\pgf@pathminy=\dimen143
\pgf@pathmaxy=\dimen144
\pgf@xx=\dimen145
\pgf@xy=\dimen146
\pgf@yx=\dimen147
\pgf@yy=\dimen148
\pgf@zx=\dimen149
\pgf@zy=\dimen150
)
(/usr/local/texlive/2019/texmf-dist/tex/generic/pgf/basiclayer/pgfcorepathconst
ruct.code.tex
File: pgfcorepathconstruct.code.tex 2019/04/04 v3.1.2 (3.1.2)
\pgf@path@lastx=\dimen151
\pgf@path@lasty=\dimen152
)
(/usr/local/texlive/2019/texmf-dist/tex/generic/pgf/basiclayer/pgfcorepathusage
.code.tex
File: pgfcorepathusage.code.tex 2019/04/04 v3.1.2 (3.1.2)
\pgf@shorten@end@additional=\dimen153
\pgf@shorten@start@additional=\dimen154
)
(/usr/local/texlive/2019/texmf-dist/tex/generic/pgf/basiclayer/pgfcorescopes.co
de.tex
File: pgfcorescopes.code.tex 2019/04/04 v3.1.2 (3.1.2)
\pgfpic=\box31
\pgf@hbox=\box32
\pgf@layerbox@main=\box33
\pgf@picture@serial@count=\count110
)
(/usr/local/texlive/2019/texmf-dist/tex/generic/pgf/basiclayer/pgfcoregraphicst
ate.code.tex
File: pgfcoregraphicstate.code.tex 2019/04/04 v3.1.2 (3.1.2)
\pgflinewidth=\dimen155
)
(/usr/local/texlive/2019/texmf-dist/tex/generic/pgf/basiclayer/pgfcoretransform
ations.code.tex
File: pgfcoretransformations.code.tex 2019/04/04 v3.1.2 (3.1.2)
\pgf@pt@x=\dimen156
\pgf@pt@y=\dimen157
\pgf@pt@temp=\dimen158
)
(/usr/local/texlive/2019/texmf-dist/tex/generic/pgf/basiclayer/pgfcorequick.cod
e.tex
File: pgfcorequick.code.tex 2019/04/04 v3.1.2 (3.1.2)
)
(/usr/local/texlive/2019/texmf-dist/tex/generic/pgf/basiclayer/pgfcoreobjects.c
ode.tex
File: pgfcoreobjects.code.tex 2019/04/04 v3.1.2 (3.1.2)
)
(/usr/local/texlive/2019/texmf-dist/tex/generic/pgf/basiclayer/pgfcorepathproce
ssing.code.tex
File: pgfcorepathprocessing.code.tex 2019/04/04 v3.1.2 (3.1.2)
)
(/usr/local/texlive/2019/texmf-dist/tex/generic/pgf/basiclayer/pgfcorearrows.co
de.tex
File: pgfcorearrows.code.tex 2019/04/04 v3.1.2 (3.1.2)
\pgfarrowsep=\dimen159
)
(/usr/local/texlive/2019/texmf-dist/tex/generic/pgf/basiclayer/pgfcoreshade.cod
e.tex
File: pgfcoreshade.code.tex 2019/04/04 v3.1.2 (3.1.2)
\pgf@max=\dimen160
\pgf@sys@shading@range@num=\count111
\pgf@shadingcount=\count112
)
(/usr/local/texlive/2019/texmf-dist/tex/generic/pgf/basiclayer/pgfcoreimage.cod
e.tex
File: pgfcoreimage.code.tex 2019/04/04 v3.1.2 (3.1.2)

(/usr/local/texlive/2019/texmf-dist/tex/generic/pgf/basiclayer/pgfcoreexternal.
code.tex
File: pgfcoreexternal.code.tex 2019/04/04 v3.1.2 (3.1.2)
\pgfexternal@startupbox=\box34
))
(/usr/local/texlive/2019/texmf-dist/tex/generic/pgf/basiclayer/pgfcorelayers.co
de.tex
File: pgfcorelayers.code.tex 2019/04/04 v3.1.2 (3.1.2)
)
(/usr/local/texlive/2019/texmf-dist/tex/generic/pgf/basiclayer/pgfcoretranspare
ncy.code.tex
File: pgfcoretransparency.code.tex 2019/04/04 v3.1.2 (3.1.2)
)
(/usr/local/texlive/2019/texmf-dist/tex/generic/pgf/basiclayer/pgfcorepatterns.
code.tex
File: pgfcorepatterns.code.tex 2019/04/04 v3.1.2 (3.1.2)
)
(/usr/local/texlive/2019/texmf-dist/tex/generic/pgf/basiclayer/pgfcorerdf.code.
tex
File: pgfcorerdf.code.tex 2019/04/04 v3.1.2 (3.1.2)
)))
(/usr/local/texlive/2019/texmf-dist/tex/generic/pgf/modules/pgfmoduleshapes.cod
e.tex
File: pgfmoduleshapes.code.tex 2019/04/04 v3.1.2 (3.1.2)
\pgfnodeparttextbox=\box35
)
(/usr/local/texlive/2019/texmf-dist/tex/generic/pgf/modules/pgfmoduleplot.code.
tex
File: pgfmoduleplot.code.tex 2019/04/04 v3.1.2 (3.1.2)
)
(/usr/local/texlive/2019/texmf-dist/tex/latex/pgf/compatibility/pgfcomp-version
-0-65.sty
Package: pgfcomp-version-0-65 2019/04/04 v3.1.2 (3.1.2)
\pgf@nodesepstart=\dimen161
\pgf@nodesepend=\dimen162
)
(/usr/local/texlive/2019/texmf-dist/tex/latex/pgf/compatibility/pgfcomp-version
-1-18.sty
Package: pgfcomp-version-1-18 2019/04/04 v3.1.2 (3.1.2)
))
(/usr/local/texlive/2019/texmf-dist/tex/latex/pgf/utilities/pgffor.sty
(/usr/local/texlive/2019/texmf-dist/tex/latex/pgf/utilities/pgfkeys.sty
(/usr/local/texlive/2019/texmf-dist/tex/generic/pgf/utilities/pgfkeys.code.tex)
) (/usr/local/texlive/2019/texmf-dist/tex/latex/pgf/math/pgfmath.sty
(/usr/local/texlive/2019/texmf-dist/tex/generic/pgf/math/pgfmath.code.tex))
(/usr/local/texlive/2019/texmf-dist/tex/generic/pgf/utilities/pgffor.code.tex
Package: pgffor 2019/04/04 v3.1.2 (3.1.2)

(/usr/local/texlive/2019/texmf-dist/tex/generic/pgf/math/pgfmath.code.tex)
\pgffor@iter=\dimen163
\pgffor@skip=\dimen164
\pgffor@stack=\toks29
\pgffor@toks=\toks30
))
(/usr/local/texlive/2019/texmf-dist/tex/generic/pgf/frontendlayer/tikz/tikz.cod
e.tex
Package: tikz 2019/04/04 v3.1.2 (3.1.2)

(/usr/local/texlive/2019/texmf-dist/tex/generic/pgf/libraries/pgflibraryplothan
dlers.code.tex
File: pgflibraryplothandlers.code.tex 2019/04/04 v3.1.2 (3.1.2)
\pgf@plot@mark@count=\count113
\pgfplotmarksize=\dimen165
)
\tikz@lastx=\dimen166
\tikz@lasty=\dimen167
\tikz@lastxsaved=\dimen168
\tikz@lastysaved=\dimen169
\tikzleveldistance=\dimen170
\tikzsiblingdistance=\dimen171
\tikz@figbox=\box36
\tikz@figbox@bg=\box37
\tikz@tempbox=\box38
\tikz@tempbox@bg=\box39
\tikztreelevel=\count114
\tikznumberofchildren=\count115
\tikznumberofcurrentchild=\count116
\tikz@fig@count=\count117

(/usr/local/texlive/2019/texmf-dist/tex/generic/pgf/modules/pgfmodulematrix.cod
e.tex
File: pgfmodulematrix.code.tex 2019/04/04 v3.1.2 (3.1.2)
\pgfmatrixcurrentrow=\count118
\pgfmatrixcurrentcolumn=\count119
\pgf@matrix@numberofcolumns=\count120
)
\tikz@expandcount=\count121

(/usr/local/texlive/2019/texmf-dist/tex/generic/pgf/frontendlayer/tikz/librarie
s/tikzlibrarytopaths.code.tex
File: tikzlibrarytopaths.code.tex 2019/04/04 v3.1.2 (3.1.2)
)))
(/usr/local/texlive/2019/texmf-dist/tex/generic/pgf/frontendlayer/tikz/librarie
s/tikzlibrarypositioning.code.tex
File: tikzlibrarypositioning.code.tex 2019/04/04 v3.1.2 (3.1.2)
)
(/usr/local/texlive/2019/texmf-dist/tex/generic/pgf/frontendlayer/tikz/librarie
s/tikzlibraryshadows.code.tex
File: tikzlibraryshadows.code.tex 2019/04/04 v3.1.2 (3.1.2)

(/usr/local/texlive/2019/texmf-dist/tex/generic/pgf/frontendlayer/tikz/librarie
s/tikzlibraryfadings.code.tex
File: tikzlibraryfadings.code.tex 2019/04/04 v3.1.2 (3.1.2)

(/usr/local/texlive/2019/texmf-dist/tex/generic/pgf/libraries/pgflibraryfadings
.code.tex
File: pgflibraryfadings.code.tex 2019/04/04 v3.1.2 (3.1.2)
))) (/usr/local/texlive/2019/texmf-dist/tex/latex/tools/calc.sty
Package: calc 2017/05/25 v4.3 Infix arithmetic (KKT,FJ)
\calc@Acount=\count122
\calc@Bcount=\count123
\calc@Adimen=\dimen172
\calc@Bdimen=\dimen173
\calc@Askip=\skip59
\calc@Bskip=\skip60
LaTeX Info: Redefining \setlength on input line 80.
LaTeX Info: Redefining \addtolength on input line 81.
\calc@Ccount=\count124
\calc@Cskip=\skip61
)
\c@@todonotes@numberoftodonotes=\count125
)
(/usr/local/texlive/2019/texmf-dist/tex/latex/multirow/multirow.sty
Package: multirow 2019/01/01 v2.4 Span multiple rows of a table
\multirow@colwidth=\skip62
\multirow@cntb=\count126
\multirow@dima=\skip63
\bigstrutjot=\dimen174
)
(/usr/local/texlive/2019/texmf-dist/tex/latex/amsmath/amsmath.sty
Package: amsmath 2018/12/01 v2.17b AMS math features
\@mathmargin=\skip64

For additional information on amsmath, use the `?' option.
(/usr/local/texlive/2019/texmf-dist/tex/latex/amsmath/amstext.sty
Package: amstext 2000/06/29 v2.01 AMS text

(/usr/local/texlive/2019/texmf-dist/tex/latex/amsmath/amsgen.sty
File: amsgen.sty 1999/11/30 v2.0 generic functions
\@emptytoks=\toks31
\ex@=\dimen175
))
(/usr/local/texlive/2019/texmf-dist/tex/latex/amsmath/amsbsy.sty
Package: amsbsy 1999/11/29 v1.2d Bold Symbols
\pmbraise@=\dimen176
)
(/usr/local/texlive/2019/texmf-dist/tex/latex/amsmath/amsopn.sty
Package: amsopn 2016/03/08 v2.02 operator names
)
\inf@bad=\count127
LaTeX Info: Redefining \frac on input line 223.
\uproot@=\count128
\leftroot@=\count129
LaTeX Info: Redefining \overline on input line 385.
\classnum@=\count130
\DOTSCASE@=\count131
LaTeX Info: Redefining \ldots on input line 482.
LaTeX Info: Redefining \dots on input line 485.
LaTeX Info: Redefining \cdots on input line 606.
\Mathstrutbox@=\box40
\strutbox@=\box41
\big@size=\dimen177
LaTeX Font Info:    Redeclaring font encoding OML on input line 729.
LaTeX Font Info:    Redeclaring font encoding OMS on input line 730.
\macc@depth=\count132
\c@MaxMatrixCols=\count133
\dotsspace@=\muskip11
\c@parentequation=\count134
\dspbrk@lvl=\count135
\tag@help=\toks32
\row@=\count136
\column@=\count137
\maxfields@=\count138
\andhelp@=\toks33
\eqnshift@=\dimen178
\alignsep@=\dimen179
\tagshift@=\dimen180
\tagwidth@=\dimen181
\totwidth@=\dimen182
\lineht@=\dimen183
\@envbody=\toks34
\multlinegap=\skip65
\multlinetaggap=\skip66
\mathdisplay@stack=\toks35
LaTeX Info: Redefining \[ on input line 2844.
LaTeX Info: Redefining \] on input line 2845.
)
(/usr/local/texlive/2019/texmf-dist/tex/latex/amsfonts/amssymb.sty
Package: amssymb 2013/01/14 v3.01 AMS font symbols

(/usr/local/texlive/2019/texmf-dist/tex/latex/amsfonts/amsfonts.sty
Package: amsfonts 2013/01/14 v3.01 Basic AMSFonts support
\symAMSa=\mathgroup4
\symAMSb=\mathgroup5
LaTeX Font Info:    Overwriting math alphabet `\mathfrak' in version `bold'
(Font)                  U/euf/m/n --> U/euf/b/n on input line 106.
))
(/usr/local/texlive/2019/texmf-dist/tex/latex/amscls/amsthm.sty
Package: amsthm 2017/10/31 v2.20.4
\thm@style=\toks36
\thm@bodyfont=\toks37
\thm@headfont=\toks38
\thm@notefont=\toks39
\thm@headpunct=\toks40
\thm@preskip=\skip67
\thm@postskip=\skip68
\thm@headsep=\skip69
\dth@everypar=\toks41
)
(/usr/local/texlive/2019/texmf-dist/tex/latex/thmtools/thmtools.sty
Package: thmtools 2014/04/21 v66
\thmt@toks=\toks42
\c@thmt@dummyctr=\count139

(/usr/local/texlive/2019/texmf-dist/tex/latex/thmtools/thm-patch.sty
Package: thm-patch 2014/04/21 v66

(/usr/local/texlive/2019/texmf-dist/tex/latex/thmtools/parseargs.sty
Package: parseargs 2014/04/21 v66
\@parsespec=\toks43
))
(/usr/local/texlive/2019/texmf-dist/tex/latex/thmtools/thm-kv.sty
Package: thm-kv 2014/04/21 v66
Package thm-kv Info: Theorem names will be uppercased on input line 40.

(/usr/local/texlive/2019/texmf-dist/tex/generic/oberdiek/kvsetkeys.sty
Package: kvsetkeys 2016/05/16 v1.17 Key value parser (HO)

(/usr/local/texlive/2019/texmf-dist/tex/generic/oberdiek/infwarerr.sty
Package: infwarerr 2016/05/16 v1.4 Providing info/warning/error messages (HO)
)
(/usr/local/texlive/2019/texmf-dist/tex/generic/oberdiek/etexcmds.sty
Package: etexcmds 2016/05/16 v1.6 Avoid name clashes with e-TeX commands (HO)

(/usr/local/texlive/2019/texmf-dist/tex/generic/oberdiek/ifluatex.sty
Package: ifluatex 2016/05/16 v1.4 Provides the ifluatex switch (HO)
Package ifluatex Info: LuaTeX not detected.
)))
Package thm-kv Info: kvsetkeys patch (v1.16 or later) on input line 156.
)
(/usr/local/texlive/2019/texmf-dist/tex/latex/thmtools/thm-autoref.sty
Package: thm-autoref 2014/04/21 v66

(/usr/local/texlive/2019/texmf-dist/tex/latex/thmtools/aliasctr.sty
Package: aliasctr 2014/04/21 v66

(/usr/local/texlive/2019/texmf-dist/tex/latex/carlisle/remreset.sty

Package remreset Warning: The remreset package is obsolete:
(remreset)                \@removefomresset is defined.

))) (/usr/local/texlive/2019/texmf-dist/tex/latex/thmtools/thm-listof.sty
Package: thm-listof 2014/04/21 v66
)
(/usr/local/texlive/2019/texmf-dist/tex/latex/thmtools/thm-restate.sty
Package: thm-restate 2014/04/21 v66
)
(/usr/local/texlive/2019/texmf-dist/tex/latex/thmtools/thm-amsthm.sty
Package: thm-amsthm 2014/04/21 v66
\thmt@style@headstyle=\toks44
))
(/usr/local/texlive/2019/texmf-dist/tex/generic/oberdiek/mleftright.sty
Package: mleftright 2016/05/16 v1.1 Math left/right delim. as open/close (HO)

(/usr/local/texlive/2019/texmf-dist/tex/generic/oberdiek/ltxcmds.sty
Package: ltxcmds 2016/05/16 v1.23 LaTeX kernel commands for general use (HO)
))
(/usr/local/texlive/2019/texmf-dist/tex/latex/stmaryrd/stmaryrd.sty
Package: stmaryrd 1994/03/03 St Mary's Road symbol package
\symstmry=\mathgroup6
LaTeX Font Info:    Overwriting symbol font `stmry' in version `bold'
(Font)                  U/stmry/m/n --> U/stmry/b/n on input line 89.
)
(/usr/local/texlive/2019/texmf-dist/tex/latex/units/nicefrac.sty
Package: nicefrac 1998/08/04 v0.9b Nice fractions
\L@UnitsRaiseDisplaystyle=\skip70
\L@UnitsRaiseTextstyle=\skip71
\L@UnitsRaiseScriptstyle=\skip72
)
\c@theorem=\count140

(/usr/local/texlive/2019/texmf-dist/tex/latex/mathtools/mathtools.sty
Package: mathtools 2018/01/08 v1.21 mathematical typesetting tools

(/usr/local/texlive/2019/texmf-dist/tex/latex/mathtools/mhsetup.sty
Package: mhsetup 2017/03/31 v1.3 programming setup (MH)
)
LaTeX Info: Thecontrolsequence`\('isalreadyrobust on input line 129.
LaTeX Info: Thecontrolsequence`\)'isalreadyrobust on input line 129.
LaTeX Info: Thecontrolsequence`\['isalreadyrobust on input line 129.
LaTeX Info: Thecontrolsequence`\]'isalreadyrobust on input line 129.
\g_MT_multlinerow_int=\count141
\l_MT_multwidth_dim=\dimen184
\origjot=\skip73
\l_MT_shortvdotswithinadjustabove_dim=\dimen185
\l_MT_shortvdotswithinadjustbelow_dim=\dimen186
\l_MT_above_intertext_sep=\dimen187
\l_MT_below_intertext_sep=\dimen188
\l_MT_above_shortintertext_sep=\dimen189
\l_MT_below_shortintertext_sep=\dimen190
)
(/usr/local/texlive/2019/texmf-dist/tex/latex/was/fixmath.sty
Package: fixmath 2000/04/11 v0.9 (WaS)
LaTeX Font Info:    Redeclaring math symbol \Gamma on input line 27.
LaTeX Font Info:    Redeclaring math symbol \Delta on input line 28.
LaTeX Font Info:    Redeclaring math symbol \Theta on input line 29.
LaTeX Font Info:    Redeclaring math symbol \Lambda on input line 30.
LaTeX Font Info:    Redeclaring math symbol \Xi on input line 31.
LaTeX Font Info:    Redeclaring math symbol \Pi on input line 32.
LaTeX Font Info:    Redeclaring math symbol \Sigma on input line 33.
LaTeX Font Info:    Redeclaring math symbol \Upsilon on input line 34.
LaTeX Font Info:    Redeclaring math symbol \Phi on input line 35.
LaTeX Font Info:    Redeclaring math symbol \Psi on input line 36.
LaTeX Font Info:    Redeclaring math symbol \Omega on input line 37.
LaTeX Font Info:    Redeclaring math symbol \alpha on input line 38.
LaTeX Font Info:    Redeclaring math symbol \beta on input line 39.
LaTeX Font Info:    Redeclaring math symbol \gamma on input line 40.
LaTeX Font Info:    Redeclaring math symbol \delta on input line 41.
LaTeX Font Info:    Redeclaring math symbol \epsilon on input line 42.
LaTeX Font Info:    Redeclaring math symbol \zeta on input line 43.
LaTeX Font Info:    Redeclaring math symbol \eta on input line 44.
LaTeX Font Info:    Redeclaring math symbol \theta on input line 45.
LaTeX Font Info:    Redeclaring math symbol \iota on input line 46.
LaTeX Font Info:    Redeclaring math symbol \kappa on input line 47.
LaTeX Font Info:    Redeclaring math symbol \lambda on input line 48.
LaTeX Font Info:    Redeclaring math symbol \mu on input line 49.
LaTeX Font Info:    Redeclaring math symbol \nu on input line 50.
LaTeX Font Info:    Redeclaring math symbol \xi on input line 51.
LaTeX Font Info:    Redeclaring math symbol \pi on input line 52.
LaTeX Font Info:    Redeclaring math symbol \rho on input line 53.
LaTeX Font Info:    Redeclaring math symbol \sigma on input line 54.
LaTeX Font Info:    Redeclaring math symbol \tau on input line 55.
LaTeX Font Info:    Redeclaring math symbol \upsilon on input line 56.
LaTeX Font Info:    Redeclaring math symbol \phi on input line 57.
LaTeX Font Info:    Redeclaring math symbol \chi on input line 58.
LaTeX Font Info:    Redeclaring math symbol \psi on input line 59.
LaTeX Font Info:    Redeclaring math symbol \omega on input line 60.
LaTeX Font Info:    Redeclaring math symbol \varepsilon on input line 61.
LaTeX Font Info:    Redeclaring math symbol \vartheta on input line 62.
LaTeX Font Info:    Redeclaring math symbol \varpi on input line 63.
LaTeX Font Info:    Redeclaring math symbol \varphi on input line 64.
LaTeX Font Info:    Redeclaring math symbol \varrho on input line 65.
LaTeX Font Info:    Redeclaring math symbol \varsigma on input line 66.
)
(/usr/local/texlive/2019/texmf-dist/tex/latex/siunitx/siunitx.sty
(/usr/local/texlive/2019/texmf-dist/tex/latex/l3kernel/expl3.sty
Package: expl3 2019-05-07 L3 programming layer (loader) 

(/usr/local/texlive/2019/texmf-dist/tex/latex/l3kernel/expl3-code.tex
Package: expl3 2019-05-07 L3 programming layer (code)
\c_max_int=\count142
\l_tmpa_int=\count143
\l_tmpb_int=\count144
\g_tmpa_int=\count145
\g_tmpb_int=\count146
\g__kernel_prg_map_int=\count147
\c__ior_term_ior=\count148
\c_log_iow=\count149
\l_iow_line_count_int=\count150
\l__iow_line_target_int=\count151
\l__iow_one_indent_int=\count152
\l__iow_indent_int=\count153
\c_zero_dim=\dimen191
\c_max_dim=\dimen192
\l_tmpa_dim=\dimen193
\l_tmpb_dim=\dimen194
\g_tmpa_dim=\dimen195
\g_tmpb_dim=\dimen196
\c_zero_skip=\skip74
\c_max_skip=\skip75
\l_tmpa_skip=\skip76
\l_tmpb_skip=\skip77
\g_tmpa_skip=\skip78
\g_tmpb_skip=\skip79
\c_zero_muskip=\muskip12
\c_max_muskip=\muskip13
\l_tmpa_muskip=\muskip14
\l_tmpb_muskip=\muskip15
\g_tmpa_muskip=\muskip16
\g_tmpb_muskip=\muskip17
\l_keys_choice_int=\count154
\l__intarray_loop_int=\count155
\c__intarray_sp_dim=\dimen197
\g__intarray_font_int=\count156
\c__fp_leading_shift_int=\count157
\c__fp_middle_shift_int=\count158
\c__fp_trailing_shift_int=\count159
\c__fp_big_leading_shift_int=\count160
\c__fp_big_middle_shift_int=\count161
\c__fp_big_trailing_shift_int=\count162
\c__fp_Bigg_leading_shift_int=\count163
\c__fp_Bigg_middle_shift_int=\count164
\c__fp_Bigg_trailing_shift_int=\count165
\c__kernel_randint_max_int=\count166
\g__fp_array_int=\count167
\l__fp_array_loop_int=\count168
\l__sort_length_int=\count169
\l__sort_min_int=\count170
\l__sort_top_int=\count171
\l__sort_max_int=\count172
\l__sort_true_max_int=\count173
\l__sort_block_int=\count174
\l__sort_begin_int=\count175
\l__sort_end_int=\count176
\l__sort_A_int=\count177
\l__sort_B_int=\count178
\l__sort_C_int=\count179
\l__tl_analysis_normal_int=\count180
\l__tl_analysis_index_int=\count181
\l__tl_analysis_nesting_int=\count182
\l__tl_analysis_type_int=\count183
\l__regex_internal_a_int=\count184
\l__regex_internal_b_int=\count185
\l__regex_internal_c_int=\count186
\l__regex_balance_int=\count187
\l__regex_group_level_int=\count188
\l__regex_mode_int=\count189
\c__regex_cs_in_class_mode_int=\count190
\c__regex_cs_mode_int=\count191
\l__regex_catcodes_int=\count192
\l__regex_default_catcodes_int=\count193
\c__regex_catcode_D_int=\count194
\c__regex_catcode_S_int=\count195
\c__regex_catcode_L_int=\count196
\c__regex_catcode_O_int=\count197
\c__regex_catcode_A_int=\count198
\c__regex_all_catcodes_int=\count199
\l__regex_show_lines_int=\count266
\l__regex_min_state_int=\count267
\l__regex_max_state_int=\count268
\l__regex_left_state_int=\count269
\l__regex_right_state_int=\count270
\l__regex_capturing_group_int=\count271
\l__regex_min_pos_int=\count272
\l__regex_max_pos_int=\count273
\l__regex_curr_pos_int=\count274
\l__regex_start_pos_int=\count275
\l__regex_success_pos_int=\count276
\l__regex_curr_char_int=\count277
\l__regex_curr_catcode_int=\count278
\l__regex_last_char_int=\count279
\l__regex_case_changed_char_int=\count280
\l__regex_curr_state_int=\count281
\l__regex_step_int=\count282
\l__regex_min_active_int=\count283
\l__regex_max_active_int=\count284
\l__regex_replacement_csnames_int=\count285
\l__regex_match_count_int=\count286
\l__regex_min_submatch_int=\count287
\l__regex_submatch_int=\count288
\l__regex_zeroth_submatch_int=\count289
\g__regex_trace_regex_int=\count290
\c_empty_box=\box42
\l_tmpa_box=\box43
\l_tmpb_box=\box44
\g_tmpa_box=\box45
\g_tmpb_box=\box46
\l__box_top_dim=\dimen198
\l__box_bottom_dim=\dimen199
\l__box_left_dim=\dimen256
\l__box_right_dim=\dimen257
\l__box_top_new_dim=\dimen258
\l__box_bottom_new_dim=\dimen259
\l__box_left_new_dim=\dimen260
\l__box_right_new_dim=\dimen261
\l__box_internal_box=\box47
\l__coffin_internal_box=\box48
\l__coffin_internal_dim=\dimen262
\l__coffin_offset_x_dim=\dimen263
\l__coffin_offset_y_dim=\dimen264
\l__coffin_x_dim=\dimen265
\l__coffin_y_dim=\dimen266
\l__coffin_x_prime_dim=\dimen267
\l__coffin_y_prime_dim=\dimen268
\c_empty_coffin=\box49
\l__coffin_aligned_coffin=\box50
\l__coffin_aligned_internal_coffin=\box51
\l_tmpa_coffin=\box52
\l_tmpb_coffin=\box53
\g_tmpa_coffin=\box54
\g_tmpb_coffin=\box55
\l__coffin_bounding_shift_dim=\dimen269
\l__coffin_left_corner_dim=\dimen270
\l__coffin_right_corner_dim=\dimen271
\l__coffin_bottom_corner_dim=\dimen272
\l__coffin_top_corner_dim=\dimen273
\l__coffin_scaled_total_height_dim=\dimen274
\l__coffin_scaled_width_dim=\dimen275
\c__coffin_empty_coffin=\box56
\l__coffin_display_coffin=\box57
\l__coffin_display_coord_coffin=\box58
\l__coffin_display_pole_coffin=\box59
\l__coffin_display_offset_dim=\dimen276
\l__coffin_display_x_dim=\dimen277
\l__coffin_display_y_dim=\dimen278
\g__file_internal_ior=\read2
\l__seq_internal_a_int=\count291
\l__seq_internal_b_int=\count292
\c__deprecation_minus_one=\count293
)
(/usr/local/texlive/2019/texmf-dist/tex/latex/l3kernel/l3pdfmode.def
File: l3pdfmode.def 2019-04-06 v L3 Experimental driver: PDF mode
\l__driver_color_stack_int=\count294
\l__driver_pdf_tmp_box=\box60
))
(/usr/local/texlive/2019/texmf-dist/tex/latex/l3packages/xparse/xparse.sty
Package: xparse 2019-05-03 L3 Experimental document command parser
\l__xparse_current_arg_int=\count295
\g__xparse_grabber_int=\count296
\l__xparse_m_args_int=\count297
\l__xparse_v_nesting_int=\count298
)
Package: siunitx 2018/05/17 v2.7s A comprehensive (SI) units package

(/usr/local/texlive/2019/texmf-dist/tex/latex/tools/array.sty
Package: array 2018/12/30 v2.4k Tabular extension package (FMi)
\col@sep=\dimen279
\ar@mcellbox=\box61
\extrarowheight=\dimen280
\NC@list=\toks45
\extratabsurround=\skip80
\backup@length=\skip81
\ar@cellbox=\box62
)
(/usr/local/texlive/2019/texmf-dist/tex/latex/l3packages/l3keys2e/l3keys2e.sty
Package: l3keys2e 2019-05-03 LaTeX2e option processing using LaTeX3 keys
)
\l__siunitx_tmp_box=\box63
\l__siunitx_tmp_dim=\dimen281
\l__siunitx_tmp_int=\count299
\l__siunitx_number_mantissa_length_int=\count300
\l__siunitx_number_uncert_length_int=\count301
\l__siunitx_round_int=\count302
\l__siunitx_process_decimal_int=\count303
\l__siunitx_process_uncertainty_int=\count304
\l__siunitx_process_fixed_int=\count305
\l__siunitx_process_integer_min_int=\count306
\l__siunitx_process_precision_int=\count307
\l__siunitx_group_min_int=\count308
\l__siunitx_angle_marker_box=\box64
\l__siunitx_angle_unit_box=\box65
\l__siunitx_angle_marker_dim=\dimen282
\l__siunitx_angle_unit_dim=\dimen283
\l__siunitx_unit_int=\count309
\l__siunitx_unit_denominator_int=\count310
\l__siunitx_unit_numerator_int=\count311
\l__siunitx_unit_prefix_int=\count312
\l__siunitx_unit_prefix_base_int=\count313
\l__siunitx_unit_prefix_gram_int=\count314
\l__siunitx_number_product_int=\count315
\c__siunitx_one_fill_skip=\skip82
\l__siunitx_table_unit_align_skip=\skip83
\l__siunitx_table_exponent_dim=\dimen284
\l__siunitx_table_integer_dim=\dimen285
\l__siunitx_table_mantissa_dim=\dimen286
\l__siunitx_table_marker_dim=\dimen287
\l__siunitx_table_result_dim=\dimen288
\l__siunitx_table_uncert_dim=\dimen289
\l__siunitx_table_fill_pre_dim=\dimen290
\l__siunitx_table_fill_post_dim=\dimen291
\l__siunitx_table_fill_mid_dim=\dimen292
\l__siunitx_table_pre_box=\box66
\l__siunitx_table_post_box=\box67
\l__siunitx_table_mantissa_box=\box68
\l__siunitx_table_result_box=\box69
\l__siunitx_table_number_align_skip=\skip84
\l__siunitx_table_text_align_skip=\skip85
(/usr/local/texlive/2019/texmf-dist/tex/latex/translator/translator.sty
Package: translator 2018/01/04 v1.12 Easy translation of strings in LaTeX
))
(/usr/local/texlive/2019/texmf-dist/tex/latex/psnfss/pifont.sty
Package: pifont 2005/04/12 PSNFSS-v9.2a Pi font support (SPQR) 
LaTeX Font Info:    Try loading font information for U+pzd on input line 63.

(/usr/local/texlive/2019/texmf-dist/tex/latex/psnfss/upzd.fd
File: upzd.fd 2001/06/04 font definitions for U/pzd.
)
LaTeX Font Info:    Try loading font information for U+psy on input line 64.

(/usr/local/texlive/2019/texmf-dist/tex/latex/psnfss/upsy.fd
File: upsy.fd 2001/06/04 font definitions for U/psy.
))
(/usr/local/texlive/2019/texmf-dist/tex/latex/enumitem/enumitem.sty
Package: enumitem 2019/02/04 v3.8 Customized lists
\labelindent=\skip86
\enit@outerparindent=\dimen293
\enit@toks=\toks46
\enit@inbox=\box70
\enit@count@id=\count316
\enitdp@description=\count317
)
(/usr/local/texlive/2019/texmf-dist/tex/latex/setspace/setspace.sty
Package: setspace 2011/12/19 v6.7a set line spacing
)
(/usr/local/texlive/2019/texmf-dist/tex/latex/microtype/microtype.sty
Package: microtype 2019/02/28 v2.7b Micro-typographical refinements (RS)
\MT@toks=\toks47
\MT@count=\count318
LaTeX Info: Redefining \textls on input line 790.
\MT@outer@kern=\dimen294
LaTeX Info: Redefining \textmicrotypecontext on input line 1336.
\MT@listname@count=\count319

(/usr/local/texlive/2019/texmf-dist/tex/latex/microtype/microtype-pdftex.def
File: microtype-pdftex.def 2019/02/28 v2.7b Definitions specific to pdftex (RS)

LaTeX Info: Redefining \lsstyle on input line 914.
LaTeX Info: Redefining \lslig on input line 914.
\MT@outer@space=\skip87
)
Package microtype Info: Loading configuration file microtype.cfg.

(/usr/local/texlive/2019/texmf-dist/tex/latex/microtype/microtype.cfg
File: microtype.cfg 2019/02/28 v2.7b microtype main configuration file (RS)
))
(/usr/local/texlive/2019/texmf-dist/tex/latex/ellipsis/ellipsis.sty
Package: ellipsis 2004/9/28 v1.6 ellipsis: fixes spacing around \protect \globa
l \let \T1\textellipsis .\kern \fontdimen 3\font .\kern \fontdimen 3\font .\ker
n \fontdimen 3\font \T1\textellipsis 

(/usr/local/texlive/2019/texmf-dist/tex/latex/tools/xspace.sty
Package: xspace 2014/10/28 v1.13 Space after command names (DPC,MH)
))
(/usr/local/texlive/2019/texmf-dist/tex/latex/hfoldsty/hfoldsty.sty
Package: hfoldsty 2012/01/01 v1.15 European Computer Modern with oldstyle digit
s

(/usr/local/texlive/2019/texmf-dist/tex/latex/base/fontenc.sty
Package: fontenc 2018/08/11 v2.0j Standard LaTeX package

(/usr/local/texlive/2019/texmf-dist/tex/latex/base/t1enc.def
File: t1enc.def 2018/08/11 v2.0j Standard LaTeX file
LaTeX Font Info:    Redeclaring font encoding T1 on input line 48.
))
hfoldsty: Using all design sizes
LaTeX Info: Redefining \oldstylenums on input line 57.
) (/usr/local/texlive/2019/texmf-dist/tex/latex/tcolorbox/tcolorbox.sty
Package: tcolorbox 2019/03/02 version 4.20 text color boxes

(/usr/local/texlive/2019/texmf-dist/tex/latex/tools/verbatim.sty
Package: verbatim 2014/10/28 v1.5q LaTeX2e package for verbatim enhancements
\every@verbatim=\toks48
\verbatim@line=\toks49
\verbatim@in@stream=\read3
)
(/usr/local/texlive/2019/texmf-dist/tex/latex/environ/environ.sty
Package: environ 2014/05/04 v0.3 A new way to define environments

(/usr/local/texlive/2019/texmf-dist/tex/latex/trimspaces/trimspaces.sty
Package: trimspaces 2009/09/17 v1.1 Trim spaces around a token list
))
(/usr/local/texlive/2019/texmf-dist/tex/latex/etoolbox/etoolbox.sty
Package: etoolbox 2018/08/19 v2.5f e-TeX tools for LaTeX (JAW)
\etb@tempcnta=\count320
)
\tcb@titlebox=\box71
\tcb@upperbox=\box72
\tcb@lowerbox=\box73
\tcb@phantombox=\box74
\c@tcbbreakpart=\count321
\c@tcblayer=\count322
\tcolorbox@number=\count323
\tcb@temp=\box75
\tcb@temp=\box76
\tcb@temp=\box77
\tcb@temp=\box78
\tcb@out=\write4
\tcb@record@out=\write5
)
(/usr/local/texlive/2019/texmf-dist/tex/latex/lm/lmodern.sty
Package: lmodern 2009/10/30 v1.6 Latin Modern Fonts
LaTeX Font Info:    Overwriting symbol font `operators' in version `normal'
(Font)                  OT1/cmr/m/n --> OT1/lmr/m/n on input line 22.
LaTeX Font Info:    Overwriting symbol font `letters' in version `normal'
(Font)                  OML/cmm/m/it --> OML/lmm/m/it on input line 23.
LaTeX Font Info:    Overwriting symbol font `symbols' in version `normal'
(Font)                  OMS/cmsy/m/n --> OMS/lmsy/m/n on input line 24.
LaTeX Font Info:    Overwriting symbol font `largesymbols' in version `normal'
(Font)                  OMX/cmex/m/n --> OMX/lmex/m/n on input line 25.
LaTeX Font Info:    Overwriting symbol font `operators' in version `bold'
(Font)                  OT1/cmr/bx/n --> OT1/lmr/bx/n on input line 26.
LaTeX Font Info:    Overwriting symbol font `letters' in version `bold'
(Font)                  OML/cmm/b/it --> OML/lmm/b/it on input line 27.
LaTeX Font Info:    Overwriting symbol font `symbols' in version `bold'
(Font)                  OMS/cmsy/b/n --> OMS/lmsy/b/n on input line 28.
LaTeX Font Info:    Overwriting symbol font `largesymbols' in version `bold'
(Font)                  OMX/cmex/m/n --> OMX/lmex/m/n on input line 29.
LaTeX Font Info:    Overwriting math alphabet `\mathbf' in version `normal'
(Font)                  OT1/cmr/bx/n --> OT1/lmr/bx/n on input line 31.
LaTeX Font Info:    Overwriting math alphabet `\mathsf' in version `normal'
(Font)                  OT1/cmss/m/n --> OT1/lmss/m/n on input line 32.
LaTeX Font Info:    Overwriting math alphabet `\mathit' in version `normal'
(Font)                  OT1/cmr/m/it --> OT1/lmr/m/it on input line 33.
LaTeX Font Info:    Overwriting math alphabet `\mathtt' in version `normal'
(Font)                  OT1/cmtt/m/n --> OT1/lmtt/m/n on input line 34.
LaTeX Font Info:    Overwriting math alphabet `\mathbf' in version `bold'
(Font)                  OT1/cmr/bx/n --> OT1/lmr/bx/n on input line 35.
LaTeX Font Info:    Overwriting math alphabet `\mathsf' in version `bold'
(Font)                  OT1/cmss/bx/n --> OT1/lmss/bx/n on input line 36.
LaTeX Font Info:    Overwriting math alphabet `\mathit' in version `bold'
(Font)                  OT1/cmr/bx/it --> OT1/lmr/bx/it on input line 37.
LaTeX Font Info:    Overwriting math alphabet `\mathtt' in version `bold'
(Font)                  OT1/cmtt/m/n --> OT1/lmtt/m/n on input line 38.
)
(/usr/local/texlive/2019/texmf-dist/tex/latex/hyperref/hyperref.sty
Package: hyperref 2018/11/30 v6.88e Hypertext links for LaTeX

(/usr/local/texlive/2019/texmf-dist/tex/generic/oberdiek/hobsub-hyperref.sty
Package: hobsub-hyperref 2016/05/16 v1.14 Bundle oberdiek, subset hyperref (HO)


(/usr/local/texlive/2019/texmf-dist/tex/generic/oberdiek/hobsub-generic.sty
Package: hobsub-generic 2016/05/16 v1.14 Bundle oberdiek, subset generic (HO)
Package: hobsub 2016/05/16 v1.14 Construct package bundles (HO)
Package hobsub Info: Skipping package `infwarerr' (already loaded).
Package hobsub Info: Skipping package `ltxcmds' (already loaded).
Package hobsub Info: Skipping package `ifluatex' (already loaded).
Package: ifvtex 2016/05/16 v1.6 Detect VTeX and its facilities (HO)
Package ifvtex Info: VTeX not detected.
Package: intcalc 2016/05/16 v1.2 Expandable calculations with integers (HO)
Package: ifpdf 2018/09/07 v3.3 Provides the ifpdf switch
Package hobsub Info: Skipping package `etexcmds' (already loaded).
Package hobsub Info: Skipping package `kvsetkeys' (already loaded).
Package: kvdefinekeys 2016/05/16 v1.4 Define keys (HO)
Package: pdftexcmds 2018/09/10 v0.29 Utility functions of pdfTeX for LuaTeX (HO
)
Package pdftexcmds Info: LuaTeX not detected.
Package pdftexcmds Info: \pdf@primitive is available.
Package pdftexcmds Info: \pdf@ifprimitive is available.
Package pdftexcmds Info: \pdfdraftmode found.
Package: pdfescape 2016/05/16 v1.14 Implements pdfTeX's escape features (HO)
Package: bigintcalc 2016/05/16 v1.4 Expandable calculations on big integers (HO
)
Package: bitset 2016/05/16 v1.2 Handle bit-vector datatype (HO)
Package: uniquecounter 2016/05/16 v1.3 Provide unlimited unique counter (HO)
)
Package hobsub Info: Skipping package `hobsub' (already loaded).
Package: letltxmacro 2016/05/16 v1.5 Let assignment for LaTeX macros (HO)
Package: hopatch 2016/05/16 v1.3 Wrapper for package hooks (HO)
Package: xcolor-patch 2016/05/16 xcolor patch
Package: atveryend 2016/05/16 v1.9 Hooks at the very end of document (HO)
Package: atbegshi 2016/06/09 v1.18 At begin shipout hook (HO)
Package: refcount 2016/05/16 v3.5 Data extraction from label references (HO)
Package: hycolor 2016/05/16 v1.8 Color options for hyperref/bookmark (HO)
)
(/usr/local/texlive/2019/texmf-dist/tex/generic/ifxetex/ifxetex.sty
Package: ifxetex 2010/09/12 v0.6 Provides ifxetex conditional
)
(/usr/local/texlive/2019/texmf-dist/tex/latex/oberdiek/auxhook.sty
Package: auxhook 2016/05/16 v1.4 Hooks for auxiliary files (HO)
)
(/usr/local/texlive/2019/texmf-dist/tex/latex/oberdiek/kvoptions.sty
Package: kvoptions 2016/05/16 v3.12 Key value format for package options (HO)
)
\@linkdim=\dimen295
\Hy@linkcounter=\count324
\Hy@pagecounter=\count325

(/usr/local/texlive/2019/texmf-dist/tex/latex/hyperref/pd1enc.def
File: pd1enc.def 2018/11/30 v6.88e Hyperref: PDFDocEncoding definition (HO)
Now handling font encoding PD1 ...
... no UTF-8 mapping file for font encoding PD1
)
\Hy@SavedSpaceFactor=\count326

(/usr/local/texlive/2019/texmf-dist/tex/latex/latexconfig/hyperref.cfg
File: hyperref.cfg 2002/06/06 v1.2 hyperref configuration of TeXLive
)
Package hyperref Info: Option `pdfa' set `true' on input line 4393.
Package hyperref Info: Option `pdfdisplaydoctitle' set `true' on input line 439
3.
Package hyperref Info: Option `pdfpagelabels' set `true' on input line 4393.
Package hyperref Info: Hyper figures OFF on input line 4519.
Package hyperref Info: Link nesting OFF on input line 4524.
Package hyperref Info: Hyper index ON on input line 4527.
Package hyperref Info: Plain pages OFF on input line 4534.
Package hyperref Info: Backreferencing OFF on input line 4539.
Package hyperref Info: Implicit mode ON; LaTeX internals redefined.
Package hyperref Info: Bookmarks ON on input line 4772.
\c@Hy@tempcnt=\count327
LaTeX Info: Redefining \url on input line 5125.
\XeTeXLinkMargin=\dimen296
\Fld@menulength=\count328
\Field@Width=\dimen297
\Fld@charsize=\dimen298
Package hyperref Info: Hyper figures OFF on input line 6380.
Package hyperref Info: Link nesting OFF on input line 6385.
Package hyperref Info: Hyper index ON on input line 6388.
Package hyperref Info: backreferencing OFF on input line 6395.
Package hyperref Info: Link coloring OFF on input line 6400.
Package hyperref Info: Link coloring with OCG OFF on input line 6405.
Package hyperref Info: PDF/A mode ON on input line 6408.
LaTeX Info: Redefining \ref on input line 6450.
LaTeX Info: Redefining \pageref on input line 6454.
\Hy@abspage=\count329
\c@Item=\count330
\c@Hfootnote=\count331
)
Package hyperref Info: Driver: hpdftex.

(/usr/local/texlive/2019/texmf-dist/tex/latex/hyperref/hpdftex.def
File: hpdftex.def 2018/11/30 v6.88e Hyperref driver for pdfTeX
\Fld@listcount=\count332
\c@bookmark@seq@number=\count333

(/usr/local/texlive/2019/texmf-dist/tex/latex/oberdiek/rerunfilecheck.sty
Package: rerunfilecheck 2016/05/16 v1.8 Rerun checks for auxiliary files (HO)
Package uniquecounter Info: New unique counter `rerunfilecheck' on input line 2
82.
)
\Hy@SectionHShift=\skip88
)
(/usr/local/texlive/2019/texmf-dist/tex/latex/cleveref/cleveref.sty
Package: cleveref 2018/03/27 v0.21.4 Intelligent cross-referencing
Package cleveref Info: `hyperref' support loaded on input line 2370.
LaTeX Info: Redefining \cref on input line 2370.
LaTeX Info: Redefining \Cref on input line 2370.
LaTeX Info: Redefining \crefrange on input line 2370.
LaTeX Info: Redefining \Crefrange on input line 2370.
LaTeX Info: Redefining \cpageref on input line 2370.
LaTeX Info: Redefining \Cpageref on input line 2370.
LaTeX Info: Redefining \cpagerefrange on input line 2370.
LaTeX Info: Redefining \Cpagerefrange on input line 2370.
LaTeX Info: Redefining \labelcref on input line 2370.
LaTeX Info: Redefining \labelcpageref on input line 2370.
Package cleveref Info: `amsthm' support loaded on input line 3026.
Package cleveref Info: always capitalise cross-reference names on input line 78
25.
Package cleveref Info: always capitalise cross-reference names on input line 78
52.
Package cleveref Info: no abbreviation of names on input line 7852.
)
(/usr/local/texlive/2019/texmf-dist/tex/latex/algorithms/algorithm.sty
Package: algorithm 2009/08/24 v0.1 Document Style `algorithm' - floating enviro
nment

(/usr/local/texlive/2019/texmf-dist/tex/latex/float/float.sty
Package: float 2001/11/08 v1.3d Float enhancements (AL)
\c@float@type=\count334
\float@exts=\toks50
\float@box=\box79
\@float@everytoks=\toks51
\@floatcapt=\box80
)
\@float@every@algorithm=\toks52
\c@algorithm=\count335
)
(/usr/local/texlive/2019/texmf-dist/tex/latex/algorithmicx/algorithmicx.sty
Package: algorithmicx 2005/04/27 v1.2 Algorithmicx

Document Style algorithmicx 1.2 - a greatly improved `algorithmic' style
\c@ALG@line=\count336
\c@ALG@rem=\count337
\c@ALG@nested=\count338
\ALG@tlm=\skip89
\ALG@thistlm=\skip90
\c@ALG@Lnr=\count339
\c@ALG@blocknr=\count340
\c@ALG@storecount=\count341
\c@ALG@tmpcounter=\count342
\ALG@tmplength=\skip91
) (/usr/local/texlive/2019/texmf-dist/tex/latex/algorithmicx/algpseudocode.sty
Package: algpseudocode 

Document Style - pseudocode environments for use with the `algorithmicx' style
) (/usr/local/texlive/2019/texmf-dist/tex/latex/preprint/authblk.sty
Package: authblk 2001/02/27 1.3 (PWD)
\affilsep=\skip92
\@affilsep=\skip93
\c@Maxaffil=\count343
\c@authors=\count344
\c@affil=\count345
)
LaTeX Font Info:    Try loading font information for T1+lmr on input line 188.

(/usr/local/texlive/2019/texmf-dist/tex/latex/lm/t1lmr.fd
File: t1lmr.fd 2009/10/30 v1.6 Font defs for Latin Modern
)
Package typearea Info: These are the values describing the layout:
(typearea)             DIV  = 12
(typearea)             BCOR = 0.0pt
(typearea)             \paperwidth      = 597.50793pt
(typearea)              \textwidth      = 448.13095pt
(typearea)              DIV departure   = -14%
(typearea)              \evensidemargin = 2.4185pt
(typearea)              \oddsidemargin  = 2.4185pt
(typearea)             \paperheight     = 845.04694pt
(typearea)              \textheight     = 636.60028pt
(typearea)              \topmargin      = -39.24942pt
(typearea)              \headheight     = 17.0pt
(typearea)              \headsep        = 20.40001pt
(typearea)              \topskip        = 11.0pt
(typearea)              \footskip       = 47.6pt
(typearea)              \baselineskip   = 13.6pt
(typearea)              on input line 188.
 (./main.aux

LaTeX Warning: Label `alg:as' multiply defined.


LaTeX Warning: Label `alg:as@cref' multiply defined.

)
\openout1 = `main.aux'.

LaTeX Font Info:    Checking defaults for OML/cmm/m/it on input line 191.
LaTeX Font Info:    ... okay on input line 191.
LaTeX Font Info:    Checking defaults for T1/cmr/m/n on input line 191.
LaTeX Font Info:    ... okay on input line 191.
LaTeX Font Info:    Checking defaults for OT1/cmr/m/n on input line 191.
LaTeX Font Info:    ... okay on input line 191.
LaTeX Font Info:    Checking defaults for OMS/cmsy/m/n on input line 191.
LaTeX Font Info:    ... okay on input line 191.
LaTeX Font Info:    Checking defaults for OMX/cmex/m/n on input line 191.
LaTeX Font Info:    ... okay on input line 191.
LaTeX Font Info:    Checking defaults for U/cmr/m/n on input line 191.
LaTeX Font Info:    ... okay on input line 191.
LaTeX Font Info:    Checking defaults for PD1/pdf/m/n on input line 191.
LaTeX Font Info:    ... okay on input line 191.
 (/usr/local/texlive/2019/texmf-dist/tex/context/base/mkii/supp-pdf.mkii
[Loading MPS to PDF converter (version 2006.09.02).]
\scratchcounter=\count346
\scratchdimen=\dimen299
\scratchbox=\box81
\nofMPsegments=\count347
\nofMParguments=\count348
\everyMPshowfont=\toks53
\MPscratchCnt=\count349
\MPscratchDim=\dimen300
\MPnumerator=\count350
\makeMPintoPDFobject=\count351
\everyMPtoPDFconversion=\toks54
) (/usr/local/texlive/2019/texmf-dist/tex/latex/oberdiek/epstopdf-base.sty
Package: epstopdf-base 2016/05/15 v2.6 Base part for package epstopdf

(/usr/local/texlive/2019/texmf-dist/tex/latex/oberdiek/grfext.sty
Package: grfext 2016/05/16 v1.2 Manage graphics extensions (HO)
)
Package epstopdf-base Info: Redefining graphics rule for `.eps' on input line 4
38.
Package grfext Info: Graphics extension search list:
(grfext)             [.pdf,.png,.jpg,.mps,.jpeg,.jbig2,.jb2,.PDF,.PNG,.JPG,.JPE
G,.JBIG2,.JB2,.eps]
(grfext)             \AppendGraphicsExtensions on input line 456.

(/usr/local/texlive/2019/texmf-dist/tex/latex/latexconfig/epstopdf-sys.cfg
File: epstopdf-sys.cfg 2010/07/13 v1.3 Configuration of (r)epstopdf for TeX Liv
e
))
Package caption Info: Begin \AtBeginDocument code.
Package caption Info: float package is loaded.
Package caption Info: hyperref package is loaded.
Package caption Info: End \AtBeginDocument code.

ABD: EveryShipout initializing macros

Package todonotes Warning: The length marginparwidth is less than 2cm and will 
most likely cause issues with the appearance of inserted todonotes. The issue c
an be solved by adding a line like \setlength {\marginparwidth }{2cm} prior to 
loading the todonotes package. on input line 191.

Now handling font encoding TS1 ...
... processing UTF-8 mapping file for font encoding TS1
(/usr/local/texlive/2019/texmf-dist/tex/latex/base/ts1enc.dfu
File: ts1enc.dfu 2018/10/05 v1.2f UTF-8 support for inputenc
   defining Unicode char U+00A2 (decimal 162)
   defining Unicode char U+00A3 (decimal 163)
   defining Unicode char U+00A4 (decimal 164)
   defining Unicode char U+00A5 (decimal 165)
   defining Unicode char U+00A6 (decimal 166)
   defining Unicode char U+00A7 (decimal 167)
   defining Unicode char U+00A8 (decimal 168)
   defining Unicode char U+00A9 (decimal 169)
   defining Unicode char U+00AA (decimal 170)
   defining Unicode char U+00AC (decimal 172)
   defining Unicode char U+00AE (decimal 174)
   defining Unicode char U+00AF (decimal 175)
   defining Unicode char U+00B0 (decimal 176)
   defining Unicode char U+00B1 (decimal 177)
   defining Unicode char U+00B2 (decimal 178)
   defining Unicode char U+00B3 (decimal 179)
   defining Unicode char U+00B4 (decimal 180)
   defining Unicode char U+00B5 (decimal 181)
   defining Unicode char U+00B6 (decimal 182)
   defining Unicode char U+00B7 (decimal 183)
   defining Unicode char U+00B9 (decimal 185)
   defining Unicode char U+00BA (decimal 186)
   defining Unicode char U+00BC (decimal 188)
   defining Unicode char U+00BD (decimal 189)
   defining Unicode char U+00BE (decimal 190)
   defining Unicode char U+00D7 (decimal 215)
   defining Unicode char U+00F7 (decimal 247)
   defining Unicode char U+0192 (decimal 402)
   defining Unicode char U+02C7 (decimal 711)
   defining Unicode char U+02D8 (decimal 728)
   defining Unicode char U+02DD (decimal 733)
   defining Unicode char U+0E3F (decimal 3647)
   defining Unicode char U+2016 (decimal 8214)
   defining Unicode char U+2020 (decimal 8224)
   defining Unicode char U+2021 (decimal 8225)
   defining Unicode char U+2022 (decimal 8226)
   defining Unicode char U+2030 (decimal 8240)
   defining Unicode char U+2031 (decimal 8241)
   defining Unicode char U+203B (decimal 8251)
   defining Unicode char U+203D (decimal 8253)
   defining Unicode char U+2044 (decimal 8260)
   defining Unicode char U+204E (decimal 8270)
   defining Unicode char U+2052 (decimal 8274)
   defining Unicode char U+20A1 (decimal 8353)
   defining Unicode char U+20A4 (decimal 8356)
   defining Unicode char U+20A6 (decimal 8358)
   defining Unicode char U+20A9 (decimal 8361)
   defining Unicode char U+20AB (decimal 8363)
   defining Unicode char U+20AC (decimal 8364)
   defining Unicode char U+20B1 (decimal 8369)
   defining Unicode char U+2103 (decimal 8451)
   defining Unicode char U+2116 (decimal 8470)
   defining Unicode char U+2117 (decimal 8471)
   defining Unicode char U+211E (decimal 8478)
   defining Unicode char U+2120 (decimal 8480)
   defining Unicode char U+2122 (decimal 8482)
   defining Unicode char U+2126 (decimal 8486)
   defining Unicode char U+2127 (decimal 8487)
   defining Unicode char U+212E (decimal 8494)
   defining Unicode char U+2190 (decimal 8592)
   defining Unicode char U+2191 (decimal 8593)
   defining Unicode char U+2192 (decimal 8594)
   defining Unicode char U+2193 (decimal 8595)
   defining Unicode char U+2329 (decimal 9001)
   defining Unicode char U+232A (decimal 9002)
   defining Unicode char U+2422 (decimal 9250)
   defining Unicode char U+25E6 (decimal 9702)
   defining Unicode char U+25EF (decimal 9711)
   defining Unicode char U+266A (decimal 9834)
   defining Unicode char U+FEFF (decimal 65279)
)
(/usr/local/texlive/2019/texmf-dist/tex/latex/translator/translator-basic-dicti
onary-English.dict
Dictionary: translator-basic-dictionary, Language: English 
)
(/usr/local/texlive/2019/texmf-dist/tex/latex/siunitx/siunitx-abbreviations.cfg
File: siunitx-abbreviations.cfg 2017/11/26 v2.7k siunitx: Abbreviated units
)
LaTeX Info: Redefining \microtypecontext on input line 191.
Package microtype Info: Generating PDF output.
Package microtype Info: Character protrusion enabled (level 2).
Package microtype Info: Using default protrusion set `alltext'.
Package microtype Info: Automatic font expansion enabled (level 2),
(microtype)             stretch: 20, shrink: 20, step: 1, non-selected.
Package microtype Info: Using default expansion set `basictext'.
Package microtype Info: No adjustment of tracking.
Package microtype Info: Adjustment of interword spacing enabled.
Package microtype Info: Using default spacing set `basictext'.
Package microtype Info: Adjustment of character kerning enabled.
Package microtype Info: Using default kerning set `alltext'.
 (/usr/local/texlive/2019/texmf-dist/tex/latex/microtype/mt-cmr.cfg
File: mt-cmr.cfg 2013/05/19 v2.2 microtype config. file: Computer Modern Roman 
(RS)
)

Package microtype Warning: \nonfrenchspacing is active. Adjustment of
(microtype)                interword spacing will disable it. You might want
(microtype)                to add `\microtypecontext{spacing=nonfrench}'
(microtype)                to your preamble.

LaTeX Info: Redefining \dots on input line 191.
\AtBeginShipoutBox=\box82
Package hyperref Info: Link coloring OFF on input line 191.
(/usr/local/texlive/2019/texmf-dist/tex/latex/hyperref/nameref.sty
Package: nameref 2016/05/21 v2.44 Cross-referencing by name of section

(/usr/local/texlive/2019/texmf-dist/tex/generic/oberdiek/gettitlestring.sty
Package: gettitlestring 2016/05/16 v1.5 Cleanup title references (HO)
)
\c@section@level=\count352
)
LaTeX Info: Redefining \ref on input line 191.
LaTeX Info: Redefining \pageref on input line 191.
LaTeX Info: Redefining \nameref on input line 191.

(./main.out) (./main.out)
\@outlinefile=\write6
\openout6 = `main.out'.

Class scrartcl Info: loading recommended package `bookmark'.
(scrartcl)           Using `bookmark' together with `hyperref' is recommended,
(scrartcl)           because of handling of possible bookmark level gaps.
(scrartcl)           You can avoid loading `bookmark' with KOMA-Script option
(scrartcl)           `bookmarkpackage=false' before \begin{document} and
(scrartcl)           you can avoid this message with `\usepackage{bookmark}'
(scrartcl)           before \begin{document} on input line 191.

(/usr/local/texlive/2019/texmf-dist/tex/latex/oberdiek/bookmark.sty
Package: bookmark 2016/05/17 v1.26 PDF bookmarks (HO)

(/usr/local/texlive/2019/texmf-dist/tex/latex/oberdiek/bkm-pdftex.def
File: bkm-pdftex.def 2016/05/17 v1.26 bookmark driver for pdfTeX (HO)
Package auxhook Info: \AddLineBeginMainAux comes a little late,
(auxhook)             because the main .aux file is already opened on input lin
e 164.
\BKM@id=\count353
))
LaTeX Font Info:    Try loading font information for OT1+lmr on input line 191.


(/usr/local/texlive/2019/texmf-dist/tex/latex/lm/ot1lmr.fd
File: ot1lmr.fd 2009/10/30 v1.6 Font defs for Latin Modern
)
LaTeX Font Info:    Try loading font information for OML+lmm on input line 191.


(/usr/local/texlive/2019/texmf-dist/tex/latex/lm/omllmm.fd
File: omllmm.fd 2009/10/30 v1.6 Font defs for Latin Modern
)
LaTeX Font Info:    Try loading font information for OMS+lmsy on input line 191
.

(/usr/local/texlive/2019/texmf-dist/tex/latex/lm/omslmsy.fd
File: omslmsy.fd 2009/10/30 v1.6 Font defs for Latin Modern
)
LaTeX Font Info:    Try loading font information for OMX+lmex on input line 191
.

(/usr/local/texlive/2019/texmf-dist/tex/latex/lm/omxlmex.fd
File: omxlmex.fd 2009/10/30 v1.6 Font defs for Latin Modern
)
LaTeX Font Info:    External font `lmex10' loaded for size
(Font)              <10.95> on input line 191.
LaTeX Font Info:    External font `lmex10' loaded for size
(Font)              <8> on input line 191.
LaTeX Font Info:    External font `lmex10' loaded for size
(Font)              <6> on input line 191.
LaTeX Font Info:    Try loading font information for U+msa on input line 191.

(/usr/local/texlive/2019/texmf-dist/tex/latex/amsfonts/umsa.fd
File: umsa.fd 2013/01/14 v3.01 AMS symbols A
)
(/usr/local/texlive/2019/texmf-dist/tex/latex/microtype/mt-msa.cfg
File: mt-msa.cfg 2006/02/04 v1.1 microtype config. file: AMS symbols (a) (RS)
)
LaTeX Font Info:    Try loading font information for U+msb on input line 191.

(/usr/local/texlive/2019/texmf-dist/tex/latex/amsfonts/umsb.fd
File: umsb.fd 2013/01/14 v3.01 AMS symbols B
)
(/usr/local/texlive/2019/texmf-dist/tex/latex/microtype/mt-msb.cfg
File: mt-msb.cfg 2005/06/01 v1.0 microtype config. file: AMS symbols (b) (RS)
)
LaTeX Font Info:    Try loading font information for U+stmry on input line 191.


(/usr/local/texlive/2019/texmf-dist/tex/latex/stmaryrd/Ustmry.fd)
LaTeX Font Info:    Try loading font information for OT1+lmss on input line 191
.

(/usr/local/texlive/2019/texmf-dist/tex/latex/lm/ot1lmss.fd
File: ot1lmss.fd 2009/10/30 v1.6 Font defs for Latin Modern
)
Package microtype Info: Loading generic protrusion settings for font family
(microtype)             `lmss' (encoding: OT1).
(microtype)             For optimal results, create family-specific settings.
(microtype)             See the microtype manual for details.
LaTeX Font Info:    Try loading font information for OT1+lmtt on input line 191
.

(/usr/local/texlive/2019/texmf-dist/tex/latex/lm/ot1lmtt.fd
File: ot1lmtt.fd 2009/10/30 v1.6 Font defs for Latin Modern
)
Package microtype Info: Loading generic protrusion settings for font family
(microtype)             `lmtt' (encoding: OT1).
(microtype)             For optimal results, create family-specific settings.
(microtype)             See the microtype manual for details.
LaTeX Font Info:    Try loading font information for T1+lmss on input line 200.


(/usr/local/texlive/2019/texmf-dist/tex/latex/lm/t1lmss.fd
File: t1lmss.fd 2009/10/30 v1.6 Font defs for Latin Modern
)
Package microtype Info: Loading generic protrusion settings for font family
(microtype)             `lmss' (encoding: T1).
(microtype)             For optimal results, create family-specific settings.
(microtype)             See the microtype manual for details.
LaTeX Font Info:    External font `lmex10' loaded for size
(Font)              <14.4> on input line 200.
LaTeX Font Info:    External font `lmex10' loaded for size
(Font)              <10> on input line 200.
LaTeX Font Info:    External font `lmex10' loaded for size
(Font)              <7> on input line 200.
LaTeX Font Info:    Try loading font information for OMS+lmr on input line 211.


(/usr/local/texlive/2019/texmf-dist/tex/latex/lm/omslmr.fd
File: omslmr.fd 2009/10/30 v1.6 Font defs for Latin Modern
)
LaTeX Font Info:    Font shape `OMS/lmr/m/n' in size <10.95> not available
(Font)              Font shape `OMS/lmsy/m/n' tried instead on input line 211.
 [1


{/Users/chrsmrrs/Library/texlive/2019/texmf-var/fonts/map/pdftex/updmap/pdftex.
map}]
Package microtype Info: Character `029' is missing
(microtype)             in font `T1/lmr/m/sc/10.95'.
(microtype)             Ignoring protrusion settings for this character.
 [2]
LaTeX Font Info:    Try loading font information for T1+lmtt on input line 314.


(/usr/local/texlive/2019/texmf-dist/tex/latex/lm/t1lmtt.fd
File: t1lmtt.fd 2009/10/30 v1.6 Font defs for Latin Modern
)
Package microtype Info: Loading generic protrusion settings for font family
(microtype)             `lmtt' (encoding: T1).
(microtype)             For optimal results, create family-specific settings.
(microtype)             See the microtype manual for details.
Package hyperref Info: bookmark level for unknown algorithm defaults to 0 on in
put line 330.
 [3]
Package hyperref Info: bookmark level for unknown theorem defaults to 0 on inpu
t line 361.
 [4]

LaTeX Font Warning: Font shape `U/stmry/b/n' undefined
(Font)              using `U/stmry/m/n' instead on input line 390.

[5]
Underfull \hbox (badness 10000) in paragraph at lines 434--437

 []

(./main.bbl) [6]
Package atveryend Info: Empty hook `BeforeClearDocument' on input line 448.
Package atveryend Info: Empty hook `AfterLastShipout' on input line 448.
 (./main.aux)
Package atveryend Info: Executing hook `AtVeryEndDocument' on input line 448.
Package atveryend Info: Executing hook `AtEndAfterFileList' on input line 448.
Package rerunfilecheck Info: File `main.out' has not changed.
(rerunfilecheck)             Checksum: D41D8CD98F00B204E9800998ECF8427E;0.


LaTeX Font Warning: Some font shapes were not available, defaults substituted.


LaTeX Warning: There were multiply-defined labels.

 ) 
Here is how much of TeX's memory you used:
 41397 strings out of 492616
 821088 string characters out of 6129480
 998574 words of memory out of 5000000
 44534 multiletter control sequences out of 15000+600000
 656524 words of font info for 161 fonts, out of 8000000 for 9000
 1141 hyphenation exceptions out of 8191
 73i,9n,85p,9110b,749s stack positions out of 5000i,500n,10000p,200000b,80000s
{/usr/local/texlive/2019/texmf-dist/fonts/enc/dvips/lm/lm-rm.enc}{/usr/local/
texlive/2019/texmf-dist/fonts/enc/dvips/lm/lm-mathit.enc}{/usr/local/texlive/20
19/texmf-dist/fonts/enc/dvips/lm/lm-ec.enc}{/usr/local/texlive/2019/texmf-dist/
fonts/enc/dvips/lm/lm-mathsy.enc}{/usr/local/texlive/2019/texmf-dist/fonts/enc/
dvips/lm/lm-mathex.enc}</usr/local/texlive/2019/texmf-dist/fonts/type1/public/l
m/lmbx10.pfb></usr/local/texlive/2019/texmf-dist/fonts/type1/public/lm/lmbx6.pf
b></usr/local/texlive/2019/texmf-dist/fonts/type1/public/lm/lmbx8.pfb></usr/loc
al/texlive/2019/texmf-dist/fonts/type1/public/lm/lmcsc10.pfb></usr/local/texliv
e/2019/texmf-dist/fonts/type1/public/lm/lmex10.pfb></usr/local/texlive/2019/tex
mf-dist/fonts/type1/public/lm/lmmi10.pfb></usr/local/texlive/2019/texmf-dist/fo
nts/type1/public/lm/lmmi6.pfb></usr/local/texlive/2019/texmf-dist/fonts/type1/p
ublic/lm/lmmi8.pfb></usr/local/texlive/2019/texmf-dist/fonts/type1/public/lm/lm
mib10.pfb></usr/local/texlive/2019/texmf-dist/fonts/type1/public/lm/lmr10.pfb><
/usr/local/texlive/2019/texmf-dist/fonts/type1/public/lm/lmr6.pfb></usr/local/t
exlive/2019/texmf-dist/fonts/type1/public/lm/lmr8.pfb></usr/local/texlive/2019/
texmf-dist/fonts/type1/public/lm/lmr9.pfb></usr/local/texlive/2019/texmf-dist/f
onts/type1/public/lm/lmri10.pfb></usr/local/texlive/2019/texmf-dist/fonts/type1
/public/lm/lmss12.pfb></usr/local/texlive/2019/texmf-dist/fonts/type1/public/lm
/lmss8.pfb></usr/local/texlive/2019/texmf-dist/fonts/type1/public/lm/lmssbx10.p
fb></usr/local/texlive/2019/texmf-dist/fonts/type1/public/lm/lmsy10.pfb></usr/l
ocal/texlive/2019/texmf-dist/fonts/type1/public/lm/lmsy6.pfb></usr/local/texliv
e/2019/texmf-dist/fonts/type1/public/lm/lmsy8.pfb></usr/local/texlive/2019/texm
f-dist/fonts/type1/public/lm/lmtt10.pfb></usr/local/texlive/2019/texmf-dist/fon
ts/type1/public/amsfonts/symbols/msbm10.pfb>
Output written on main.pdf (6 pages, 332422 bytes).
PDF statistics:
 236 PDF objects out of 1000 (max. 8388607)
 188 compressed objects within 2 object streams
 33 named destinations out of 1000 (max. 500000)
 39629 words of extra memory for PDF output out of 42996 (max. 10000000)

